\BOOKMARK [0][-]{chapter*.2}{Verzeichnis der Formelzeichen}{}% 1
\BOOKMARK [0][-]{chapter*.3}{Abbildungsverzeichnis}{}% 2
\BOOKMARK [0][-]{chapter*.4}{Tabellenverzeichnis}{}% 3
\BOOKMARK [0][-]{chapter.1}{Erl\344uterungen zur Klasse ArbeitRST}{}% 4
\BOOKMARK [1][-]{section.1.1}{Informationen zu schriftlichen Arbeiten am RST}{chapter.1}% 5
\BOOKMARK [1][-]{section.1.2}{Die Titelseite}{chapter.1}% 6
\BOOKMARK [1][-]{section.1.3}{Die Selbstst\344ndigkeitserkl\344rung}{chapter.1}% 7
\BOOKMARK [1][-]{section.1.4}{Kurzfassung}{chapter.1}% 8
\BOOKMARK [1][-]{section.1.5}{Auswahl des Typs der Arbeit}{chapter.1}% 9
\BOOKMARK [1][-]{section.1.6}{Eingebundene Pakete}{chapter.1}% 10
\BOOKMARK [1][-]{section.1.7}{Zus\344tzliche Makros}{chapter.1}% 11
\BOOKMARK [1][-]{section.1.8}{Weitere Informationen}{chapter.1}% 12
\BOOKMARK [0][-]{chapter.2}{Einige Informationen zu LaTeX}{}% 13
\BOOKMARK [1][-]{section.2.1}{Generalles zu Schriftgr\366\337en, Hervorhebungen und Abst\344nden}{chapter.2}% 14
\BOOKMARK [1][-]{section.2.2}{Etwas Mathematik}{chapter.2}% 15
\BOOKMARK [0][-]{chapter.3}{Verwaltung und Zitation von Literatur}{}% 16
\BOOKMARK [0][-]{chapter.4}{kurzer Titel}{}% 17
\BOOKMARK [1][-]{section.4.1}{Unterabschnitt 1}{chapter.4}% 18
\BOOKMARK [2][-]{subsection.4.1.1}{Unter-unterabschnitt 1}{section.4.1}% 19
\BOOKMARK [2][-]{subsection.4.1.2}{Unter-unterabschnitt 2}{section.4.1}% 20
\BOOKMARK [0][-]{chapter.5}{F\374llkapitel 1}{}% 21
\BOOKMARK [1][-]{section.5.1}{Fullabschnitt 1}{chapter.5}% 22
\BOOKMARK [2][-]{subsection.5.1.1}{F\374llunterabschnitt 11}{section.5.1}% 23
\BOOKMARK [2][-]{subsection.5.1.2}{F\374llunterabschnitt 12}{section.5.1}% 24
\BOOKMARK [2][-]{subsection.5.1.3}{F\374llunterabschnitt 13}{section.5.1}% 25
\BOOKMARK [1][-]{section.5.2}{Fullabschnitt 2}{chapter.5}% 26
\BOOKMARK [2][-]{subsection.5.2.1}{F\374llunterabschnitt 21}{section.5.2}% 27
\BOOKMARK [2][-]{subsection.5.2.2}{F\374llunterabschnitt 22}{section.5.2}% 28
\BOOKMARK [2][-]{subsection.5.2.3}{F\374llunterabschnitt 3}{section.5.2}% 29
\BOOKMARK [1][-]{section.5.3}{Fullabschnitt 3}{chapter.5}% 30
\BOOKMARK [2][-]{subsection.5.3.1}{F\374llunterabschnitt 31}{section.5.3}% 31
\BOOKMARK [2][-]{subsection.5.3.2}{F\374llunterabschnitt 32}{section.5.3}% 32
\BOOKMARK [2][-]{subsection.5.3.3}{F\374llunterabschnitt 33}{section.5.3}% 33
\BOOKMARK [1][-]{section.5.4}{Fullabschnitt 4}{chapter.5}% 34
\BOOKMARK [2][-]{subsection.5.4.1}{F\374llunterabschnitt 41}{section.5.4}% 35
\BOOKMARK [2][-]{subsection.5.4.2}{F\374llunterabschnitt 42}{section.5.4}% 36
\BOOKMARK [2][-]{subsection.5.4.3}{F\374llunterabschnitt 43}{section.5.4}% 37
\BOOKMARK [1][-]{section.5.5}{Fullabschnitt 5}{chapter.5}% 38
\BOOKMARK [2][-]{subsection.5.5.1}{F\374llunterabschnitt 51}{section.5.5}% 39
\BOOKMARK [2][-]{subsection.5.5.2}{F\374llunterabschnitt 52}{section.5.5}% 40
\BOOKMARK [2][-]{subsection.5.5.3}{F\374llunterabschnitt 53}{section.5.5}% 41
